<?xml version="1.0" encoding="UTF-8"?>
<!-- Generated by org.testng.reporters.JUnitReportReporter -->
<testsuite hostname="BB2712-Bharat" failures="0" tests="1" name="com.Demo.REST.SpecBuilders" time="2.138" errors="0" timestamp="2025-10-01T09:07:42 IST" skipped="0">
  <testcase classname="com.Demo.REST.SpecBuilders" name="implementSerilization" time="2.138"/>
</testsuite> <!-- com.Demo.REST.SpecBuilders -->
