<?xml version="1.0" encoding="UTF-8"?>
<!-- Generated by org.testng.reporters.JUnitReportReporter -->
<testsuite hostname="BB2712-Bharat" failures="0" tests="1" name="com.Demo.REST.TestOne$OAuth" time="2.639" errors="0" timestamp="2025-09-28T22:23:25 IST" skipped="0">
  <testcase classname="com.Demo.REST.TestOne$OAuth" name="TestOAuth" time="2.639"/>
</testsuite> <!-- com.Demo.REST.TestOne$OAuth -->
