<?xml version="1.0" encoding="UTF-8"?>
<!-- Generated by org.testng.reporters.JUnitReportReporter -->
<testsuite hostname="BB2712-Bharat" failures="0" tests="1" name="com.Demo.REST.Serilization" time="2.346" errors="0" timestamp="2025-09-29T11:17:21 IST" skipped="0">
  <testcase classname="com.Demo.REST.Serilization" name="implementSerilization" time="2.346"/>
</testsuite> <!-- com.Demo.REST.Serilization -->
