<?xml version="1.0" encoding="UTF-8"?>
<!-- Generated by org.testng.reporters.JUnitReportReporter -->
<testsuite hostname="BB2712-Bharat" failures="0" tests="1" name="Ecommerce" time="3.321" errors="0" timestamp="2025-10-01T10:54:47 IST" skipped="0">
  <testcase classname="Ecommerce" name="TestEcommerce" time="3.321"/>
</testsuite> <!-- Ecommerce -->
