<?xml version="1.0" encoding="UTF-8"?>
<!-- Generated by org.testng.reporters.JUnitReportReporter -->
<testsuite hostname="BB2712-Bharat" failures="0" tests="1" name="com.Demo.REST.OAuthWIthPoJo" time="2.697" errors="0" timestamp="2025-09-29T10:34:33 IST" skipped="0">
  <testcase classname="com.Demo.REST.OAuthWIthPoJo" name="TestOAuth" time="2.697"/>
</testsuite> <!-- com.Demo.REST.OAuthWIthPoJo -->
