<?xml version="1.0" encoding="UTF-8"?>
<!-- Generated by org.testng.reporters.JUnitReportReporter -->
<testsuite hostname="BB2712-Bharat" failures="0" tests="1" name="com.Demo.REST.Application" time="0.001" errors="0" timestamp="2025-09-28T21:40:09 IST" skipped="0">
  <testcase classname="com.Demo.REST.Application" name="validation" time="0.001"/>
</testsuite> <!-- com.Demo.REST.Application -->
