<?xml version="1.0" encoding="UTF-8"?>
<!-- Generated by org.testng.reporters.JUnitReportReporter -->
<testsuite hostname="BB2712-Bharat" failures="0" tests="1" name="com.Demo.REST.EcommerceBB" time="4.838" errors="0" timestamp="2025-10-02T09:05:48 IST" skipped="0">
  <testcase classname="com.Demo.REST.EcommerceBB" name="TestEcommerce" time="4.838"/>
</testsuite> <!-- com.Demo.REST.EcommerceBB -->
