<?xml version="1.0" encoding="UTF-8"?>
<!-- Generated by org.testng.reporters.JUnitReportReporter -->
<testsuite hostname="BB2712-Bharat" failures="0" tests="1" name="com.Demo.REST.OAuth" time="2.621" errors="0" timestamp="2025-09-28T22:03:53 IST" skipped="0">
  <testcase classname="com.Demo.REST.OAuth" name="TestOAuth" time="2.621"/>
</testsuite> <!-- com.Demo.REST.OAuth -->
