<?xml version="1.0" encoding="UTF-8"?>
<!-- Generated by org.testng.reporters.JUnitReportReporter -->
<testsuite hostname="BB2712-Bharat" failures="0" tests="1" name="com.Demo.REST.ExcelDrivenLibraryAPI" time="1.532" errors="0" timestamp="2025-10-07T11:44:46 IST" skipped="0">
  <testcase classname="com.Demo.REST.ExcelDrivenLibraryAPI" name="Addbook" time="1.532"/>
</testsuite> <!-- com.Demo.REST.ExcelDrivenLibraryAPI -->
