<?xml version="1.0" encoding="UTF-8"?>
<!-- Generated by org.testng.reporters.JUnitReportReporter -->
<testsuite hostname="BB2712-Bharat" failures="0" tests="1" name="com.Demo.REST.EcommerceBB" time="3.849" errors="0" timestamp="2025-10-05T13:00:42 IST" skipped="0">
  <testcase classname="com.Demo.REST.EcommerceBB" name="TestEcommerce" time="3.849"/>
</testsuite> <!-- com.Demo.REST.EcommerceBB -->
