<?xml version="1.0" encoding="UTF-8"?>
<!-- Generated by org.testng.reporters.JUnitReportReporter -->
<testsuite hostname="BB2712-Bharat" failures="0" tests="1" name="com.Demo.REST.Ecommerce" time="3.850" errors="0" timestamp="2025-10-02T09:04:58 IST" skipped="0">
  <testcase classname="com.Demo.REST.Ecommerce" name="TestEcommerce" time="3.850"/>
</testsuite> <!-- com.Demo.REST.Ecommerce -->
