<?xml version="1.0" encoding="UTF-8"?>
<!-- Generated by org.testng.reporters.JUnitReportReporter -->
<testsuite hostname="BB2712-Bharat" failures="0" tests="1" name="com.Demo.REST.GraphQL" time="2.070" errors="0" timestamp="2025-10-05T13:36:07 IST" skipped="0">
  <testcase classname="com.Demo.REST.GraphQL" name="TestGraphQL" time="2.070"/>
</testsuite> <!-- com.Demo.REST.GraphQL -->
