<?xml version="1.0" encoding="UTF-8"?>
<!-- Generated by org.testng.reporters.JUnitReportReporter -->
<testsuite hostname="BB2712-Bharat" failures="0" tests="1" name="com.Demo.REST.Deserilization" time="2.812" errors="0" timestamp="2025-09-29T10:37:21 IST" skipped="0">
  <testcase classname="com.Demo.REST.Deserilization" name="TestOAuth" time="2.812"/>
</testsuite> <!-- com.Demo.REST.Deserilization -->
